<?xml version="1.0" encoding="UTF-8"?>
<!-- Generated by org.testng.reporters.JUnitReportReporter -->
<testsuite skipped="0" hostname="IN00311" name="testNGDemo.LoginTest" tests="1" failures="0" timestamp="19 Mar 2019 06:03:11 GMT" time="0.009" errors="0">
  <testcase name="userLogin" time="0.009" classname="testNGDemo.LoginTest"/>
</testsuite> <!-- testNGDemo.LoginTest -->
