<?xml version="1.0" encoding="UTF-8"?>
<!-- Generated by org.testng.reporters.JUnitReportReporter -->
<testsuite skipped="0" hostname="IN00311" name="TestNGBasics" tests="2" failures="0" timestamp="28 Mar 2019 15:29:44 GMT" time="0.000" errors="0">
  <testcase name="googleTitle" time="0.000" classname="TestNGBasics"/>
  <testcase name="navigateTo" time="0.000" classname="TestNGBasics"/>
</testsuite> <!-- TestNGBasics -->
