<?xml version="1.0" encoding="UTF-8"?>
<!-- Generated by org.testng.reporters.JUnitReportReporter -->
<testsuite skipped="0" hostname="IN00311" name="TestNGGoogleTest" tests="2" failures="0" timestamp="29 Mar 2019 03:51:19 GMT" time="10.995" errors="0">
  <testcase name="getTitle" time="5.420" classname="TestNGGoogleTest"/>
  <testcase name="getCurrentURL" time="5.575" classname="TestNGGoogleTest"/>
</testsuite> <!-- TestNGGoogleTest -->
